# JRE version: OpenJDK Runtime Environment (11.0.13) (build 11.0.13+0-b1751.21-8125866)
# Java VM: OpenJDK 64-Bit Server VM (11.0.13+0-b1751.21-8125866, mixed mode, tiered, compressed oops, g1 gc, windows-amd64)
Heap:
 garbage-first heap   total 467968K, used 189576K [0x0000000080000000, 0x0000000100000000)
  region size 1024K, 4 young (4096K), 4 survivors (4096K)
 Metaspace       used 96858K, capacity 99465K, committed 99740K, reserved 1134592K
  class space    used 12646K, capacity 13651K, committed 13848K, reserved 1048576K
GC Heap History (20 events):
Event: 11.200 GC heap after
{Heap after GC invocations=20 (full 0):
 garbage-first heap   total 187392K, used 93500K [0x0000000080000000, 0x0000000100000000)
  region size 1024K, 10 young (10240K), 10 survivors (10240K)
 Metaspace       used 90571K, capacity 93046K, committed 93340K, reserved 1130496K
  class space    used 11748K, capacity 12731K, committed 12824K, reserved 1048576K
}
Event: 11.247 GC heap before
{Heap before GC invocations=20 (full 0):
 garbage-first heap   total 187392K, used 94524K [0x0000000080000000, 0x0000000100000000)
  region size 1024K, 13 young (13312K), 10 survivors (10240K)
 Metaspace       used 91021K, capacity 93578K, committed 93852K, reserved 1130496K
  class space    used 11816K, capacity 12804K, committed 12824K, reserved 1048576K
}
Event: 11.256 GC heap after
{Heap after GC invocations=21 (full 0):
 garbage-first heap   total 187392K, used 94815K [0x0000000080000000, 0x0000000100000000)
  region size 1024K, 2 young (2048K), 2 survivors (2048K)
 Metaspace       used 91021K, capacity 93578K, committed 93852K, reserved 1130496K
  class space    used 11816K, capacity 12804K, committed 12824K, reserved 1048576K
}
Event: 11.556 GC heap before
{Heap before GC invocations=22 (full 0):
 garbage-first heap   total 187392K, used 156255K [0x0000000080000000, 0x0000000100000000)
  region size 1024K, 35 young (35840K), 2 survivors (2048K)
 Metaspace       used 90718K, capacity 92911K, committed 94236K, reserved 1130496K
  class space    used 11663K, capacity 12511K, committed 12952K, reserved 1048576K
}
Event: 11.571 GC heap after
{Heap after GC invocations=23 (full 0):
 garbage-first heap   total 225280K, used 118234K [0x0000000080000000, 0x0000000100000000)
  region size 1024K, 5 young (5120K), 5 survivors (5120K)
 Metaspace       used 90718K, capacity 92911K, committed 94236K, reserved 1130496K
  class space    used 11663K, capacity 12511K, committed 12952K, reserved 1048576K
}
Event: 11.621 GC heap before
{Heap before GC invocations=23 (full 0):
 garbage-first heap   total 225280K, used 125402K [0x0000000080000000, 0x0000000100000000)
  region size 1024K, 13 young (13312K), 5 survivors (5120K)
 Metaspace       used 90718K, capacity 92911K, committed 94236K, reserved 1130496K
  class space    used 11663K, capacity 12511K, committed 12952K, reserved 1048576K
}
Event: 11.631 GC heap after
{Heap after GC invocations=24 (full 0):
 garbage-first heap   total 225280K, used 121896K [0x0000000080000000, 0x0000000100000000)
  region size 1024K, 3 young (3072K), 3 survivors (3072K)
 Metaspace       used 90718K, capacity 92911K, committed 94236K, reserved 1130496K
  class space    used 11663K, capacity 12511K, committed 12952K, reserved 1048576K
}
Event: 11.961 GC heap before
{Heap before GC invocations=25 (full 0):
 garbage-first heap   total 225280K, used 154664K [0x0000000080000000, 0x0000000100000000)
  region size 1024K, 34 young (34816K), 3 survivors (3072K)
 Metaspace       used 93086K, capacity 95320K, committed 96156K, reserved 1132544K
  class space    used 12158K, capacity 13029K, committed 13336K, reserved 1048576K
}
Event: 11.983 GC heap after
{Heap after GC invocations=26 (full 0):
 garbage-first heap   total 225280K, used 136154K [0x0000000080000000, 0x0000000100000000)
  region size 1024K, 5 young (5120K), 5 survivors (5120K)
 Metaspace       used 93086K, capacity 95320K, committed 96156K, reserved 1132544K
  class space    used 12158K, capacity 13029K, committed 13336K, reserved 1048576K
}
Event: 12.078 GC heap before
{Heap before GC invocations=26 (full 0):
 garbage-first heap   total 225280K, used 163802K [0x0000000080000000, 0x0000000100000000)
  region size 1024K, 33 young (33792K), 5 survivors (5120K)
 Metaspace       used 93141K, capacity 95451K, committed 96412K, reserved 1132544K
  class space    used 12158K, capacity 13029K, committed 13336K, reserved 1048576K
}
Event: 12.103 GC heap after
{Heap after GC invocations=27 (full 0):
 garbage-first heap   total 225280K, used 151342K [0x0000000080000000, 0x0000000100000000)
  region size 1024K, 5 young (5120K), 5 survivors (5120K)
 Metaspace       used 93141K, capacity 95451K, committed 96412K, reserved 1132544K
  class space    used 12158K, capacity 13029K, committed 13336K, reserved 1048576K
}
Event: 12.177 GC heap before
{Heap before GC invocations=27 (full 0):
 garbage-first heap   total 225280K, used 173870K [0x0000000080000000, 0x0000000100000000)
  region size 1024K, 27 young (27648K), 5 survivors (5120K)
 Metaspace       used 93157K, capacity 95454K, committed 96412K, reserved 1132544K
  class space    used 12159K, capacity 13029K, committed 13336K, reserved 1048576K
}
Event: 12.198 GC heap after
{Heap after GC invocations=28 (full 0):
 garbage-first heap   total 291840K, used 164158K [0x0000000080000000, 0x0000000100000000)
  region size 1024K, 4 young (4096K), 4 survivors (4096K)
 Metaspace       used 93157K, capacity 95454K, committed 96412K, reserved 1132544K
  class space    used 12159K, capacity 13029K, committed 13336K, reserved 1048576K
}
Event: 12.651 GC heap before
{Heap before GC invocations=29 (full 0):
 garbage-first heap   total 291840K, used 202046K [0x0000000080000000, 0x0000000100000000)
  region size 1024K, 42 young (43008K), 4 survivors (4096K)
 Metaspace       used 95262K, capacity 97659K, committed 98204K, reserved 1134592K
  class space    used 12455K, capacity 13376K, committed 13592K, reserved 1048576K
}
Event: 12.673 GC heap after
{Heap after GC invocations=30 (full 0):
 garbage-first heap   total 291840K, used 179511K [0x0000000080000000, 0x0000000100000000)
  region size 1024K, 6 young (6144K), 6 survivors (6144K)
 Metaspace       used 95262K, capacity 97659K, committed 98204K, reserved 1134592K
  class space    used 12455K, capacity 13376K, committed 13592K, reserved 1048576K
}
Event: 13.084 GC heap before
{Heap before GC invocations=30 (full 0):
 garbage-first heap   total 291840K, used 214327K [0x0000000080000000, 0x0000000100000000)
  region size 1024K, 41 young (41984K), 6 survivors (6144K)
 Metaspace       used 96125K, capacity 98743K, committed 98972K, reserved 1134592K
  class space    used 12593K, capacity 13586K, committed 13592K, reserved 1048576K
}
Event: 13.106 GC heap after
{Heap after GC invocations=31 (full 0):
 garbage-first heap   total 291840K, used 186507K [0x0000000080000000, 0x0000000100000000)
  region size 1024K, 6 young (6144K), 6 survivors (6144K)
 Metaspace       used 96125K, capacity 98743K, committed 98972K, reserved 1134592K
  class space    used 12593K, capacity 13586K, committed 13592K, reserved 1048576K
}
Event: 13.563 GC heap before
{Heap before GC invocations=31 (full 0):
 garbage-first heap   total 291840K, used 208011K [0x0000000080000000, 0x0000000100000000)
  region size 1024K, 40 young (40960K), 6 survivors (6144K)
 Metaspace       used 96592K, capacity 99173K, committed 99612K, reserved 1134592K
  class space    used 12620K, capacity 13601K, committed 13720K, reserved 1048576K
}
Event: 13.582 GC heap after
{Heap after GC invocations=32 (full 0):
 garbage-first heap   total 291840K, used 177553K [0x0000000080000000, 0x0000000100000000)
  region size 1024K, 4 young (4096K), 4 survivors (4096K)
 Metaspace       used 96592K, capacity 99173K, committed 99612K, reserved 1134592K
  class space    used 12620K, capacity 13601K, committed 13720K, reserved 1048576K
}
Event: 14.260 GC heap before
{Heap before GC invocations=33 (full 0):
 garbage-first heap   total 291840K, used 227729K [0x0000000080000000, 0x0000000100000000)
  region size 1024K, 44 young (45056K), 4 survivors (4096K)
 Metaspace       used 96858K, capacity 99465K, committed 99740K, reserved 1134592K
  class space    used 12646K, capacity 13651K, committed 13848K, reserved 1048576K
}

