# JRE version: OpenJDK Runtime Environment (11.0.13) (build 11.0.13+0-b1751.21-8125866)
# Java VM: OpenJDK 64-Bit Server VM (11.0.13+0-b1751.21-8125866, mixed mode, tiered, compressed oops, g1 gc, windows-amd64)
Heap:
 garbage-first heap   total 225280K, used 79500K [0x0000000080000000, 0x0000000100000000)
  region size 1024K, 8 young (8192K), 8 survivors (8192K)
 Metaspace       used 96807K, capacity 100761K, committed 100892K, reserved 1136640K
  class space    used 13089K, capacity 14670K, committed 14744K, reserved 1048576K
GC Heap History (20 events):
Event: 4.179 GC heap after
{Heap after GC invocations=8 (full 0):
 garbage-first heap   total 155648K, used 27678K [0x0000000080000000, 0x0000000100000000)
  region size 1024K, 9 young (9216K), 9 survivors (9216K)
 Metaspace       used 40309K, capacity 41240K, committed 41468K, reserved 1085440K
  class space    used 5071K, capacity 5412K, committed 5452K, reserved 1048576K
}
Event: 5.000 GC heap before
{Heap before GC invocations=8 (full 0):
 garbage-first heap   total 155648K, used 105502K [0x0000000080000000, 0x0000000100000000)
  region size 1024K, 85 young (87040K), 9 survivors (9216K)
 Metaspace       used 47159K, capacity 48247K, committed 48380K, reserved 1091584K
  class space    used 6007K, capacity 6420K, committed 6476K, reserved 1048576K
}
Event: 5.008 GC heap after
{Heap after GC invocations=9 (full 0):
 garbage-first heap   total 155648K, used 30164K [0x0000000080000000, 0x0000000100000000)
  region size 1024K, 8 young (8192K), 8 survivors (8192K)
 Metaspace       used 47159K, capacity 48247K, committed 48380K, reserved 1091584K
  class space    used 6007K, capacity 6420K, committed 6476K, reserved 1048576K
}
Event: 6.062 GC heap before
{Heap before GC invocations=9 (full 0):
 garbage-first heap   total 155648K, used 118228K [0x0000000080000000, 0x0000000100000000)
  region size 1024K, 91 young (93184K), 8 survivors (8192K)
 Metaspace       used 52239K, capacity 53575K, committed 53756K, reserved 1095680K
  class space    used 6611K, capacity 7132K, committed 7244K, reserved 1048576K
}
Event: 6.073 GC heap after
{Heap after GC invocations=10 (full 0):
 garbage-first heap   total 155648K, used 43812K [0x0000000080000000, 0x0000000100000000)
  region size 1024K, 12 young (12288K), 12 survivors (12288K)
 Metaspace       used 52239K, capacity 53575K, committed 53756K, reserved 1095680K
  class space    used 6611K, capacity 7132K, committed 7244K, reserved 1048576K
}
Event: 6.754 GC heap before
{Heap before GC invocations=10 (full 0):
 garbage-first heap   total 155648K, used 84772K [0x0000000080000000, 0x0000000100000000)
  region size 1024K, 53 young (54272K), 12 survivors (12288K)
 Metaspace       used 58817K, capacity 60313K, committed 60368K, reserved 1101824K
  class space    used 7417K, capacity 7990K, committed 8012K, reserved 1048576K
}
Event: 6.771 GC heap after
{Heap after GC invocations=11 (full 0):
 garbage-first heap   total 155648K, used 46334K [0x0000000080000000, 0x0000000100000000)
  region size 1024K, 3 young (3072K), 3 survivors (3072K)
 Metaspace       used 58817K, capacity 60313K, committed 60368K, reserved 1101824K
  class space    used 7417K, capacity 7990K, committed 8012K, reserved 1048576K
}
Event: 7.477 GC heap before
{Heap before GC invocations=12 (full 0):
 garbage-first heap   total 155648K, used 104702K [0x0000000080000000, 0x0000000100000000)
  region size 1024K, 61 young (62464K), 3 survivors (3072K)
 Metaspace       used 64148K, capacity 65695K, committed 65948K, reserved 1105920K
  class space    used 8087K, capacity 8669K, committed 8728K, reserved 1048576K
}
Event: 7.484 GC heap after
{Heap after GC invocations=13 (full 0):
 garbage-first heap   total 187392K, used 50315K [0x0000000080000000, 0x0000000100000000)
  region size 1024K, 7 young (7168K), 7 survivors (7168K)
 Metaspace       used 64148K, capacity 65695K, committed 65948K, reserved 1105920K
  class space    used 8087K, capacity 8669K, committed 8728K, reserved 1048576K
}
Event: 8.396 GC heap before
{Heap before GC invocations=13 (full 0):
 garbage-first heap   total 187392K, used 126091K [0x0000000080000000, 0x0000000100000000)
  region size 1024K, 80 young (81920K), 7 survivors (7168K)
 Metaspace       used 69041K, capacity 70711K, committed 70940K, reserved 1110016K
  class space    used 8890K, capacity 9499K, committed 9624K, reserved 1048576K
}
Event: 8.407 GC heap after
{Heap after GC invocations=14 (full 0):
 garbage-first heap   total 187392K, used 55675K [0x0000000080000000, 0x0000000100000000)
  region size 1024K, 10 young (10240K), 10 survivors (10240K)
 Metaspace       used 69041K, capacity 70711K, committed 70940K, reserved 1110016K
  class space    used 8890K, capacity 9499K, committed 9624K, reserved 1048576K
}
Event: 9.672 GC heap before
{Heap before GC invocations=14 (full 0):
 garbage-first heap   total 187392K, used 131451K [0x0000000080000000, 0x0000000100000000)
  region size 1024K, 84 young (86016K), 10 survivors (10240K)
 Metaspace       used 77031K, capacity 78837K, committed 79004K, reserved 1118208K
  class space    used 10013K, capacity 10658K, committed 10776K, reserved 1048576K
}
Event: 9.689 GC heap after
{Heap after GC invocations=15 (full 0):
 garbage-first heap   total 187392K, used 60192K [0x0000000080000000, 0x0000000100000000)
  region size 1024K, 10 young (10240K), 10 survivors (10240K)
 Metaspace       used 77031K, capacity 78837K, committed 79004K, reserved 1118208K
  class space    used 10013K, capacity 10658K, committed 10776K, reserved 1048576K
}
Event: 10.812 GC heap before
{Heap before GC invocations=15 (full 0):
 garbage-first heap   total 187392K, used 135968K [0x0000000080000000, 0x0000000100000000)
  region size 1024K, 85 young (87040K), 10 survivors (10240K)
 Metaspace       used 81413K, capacity 83739K, committed 83996K, reserved 1122304K
  class space    used 10711K, capacity 11630K, committed 11672K, reserved 1048576K
}
Event: 10.828 GC heap after
{Heap after GC invocations=16 (full 0):
 garbage-first heap   total 187392K, used 66039K [0x0000000080000000, 0x0000000100000000)
  region size 1024K, 11 young (11264K), 11 survivors (11264K)
 Metaspace       used 81413K, capacity 83739K, committed 83996K, reserved 1122304K
  class space    used 10711K, capacity 11630K, committed 11672K, reserved 1048576K
}
Event: 11.624 GC heap before
{Heap before GC invocations=16 (full 0):
 garbage-first heap   total 187392K, used 139767K [0x0000000080000000, 0x0000000100000000)
  region size 1024K, 84 young (86016K), 11 survivors (11264K)
 Metaspace       used 82410K, capacity 84853K, committed 85020K, reserved 1122304K
  class space    used 10775K, capacity 11672K, committed 11672K, reserved 1048576K
}
Event: 11.640 GC heap after
{Heap after GC invocations=17 (full 0):
 garbage-first heap   total 187392K, used 71424K [0x0000000080000000, 0x0000000100000000)
  region size 1024K, 11 young (11264K), 11 survivors (11264K)
 Metaspace       used 82410K, capacity 84853K, committed 85020K, reserved 1122304K
  class space    used 10775K, capacity 11672K, committed 11672K, reserved 1048576K
}
Event: 12.600 GC heap before
{Heap before GC invocations=17 (full 0):
 garbage-first heap   total 187392K, used 143104K [0x0000000080000000, 0x0000000100000000)
  region size 1024K, 82 young (83968K), 11 survivors (11264K)
 Metaspace       used 84456K, capacity 87036K, committed 87196K, reserved 1124352K
  class space    used 10986K, capacity 11941K, committed 12056K, reserved 1048576K
}
Event: 12.614 GC heap after
{Heap after GC invocations=18 (full 0):
 garbage-first heap   total 187392K, used 76033K [0x0000000080000000, 0x0000000100000000)
  region size 1024K, 11 young (11264K), 11 survivors (11264K)
 Metaspace       used 84456K, capacity 87036K, committed 87196K, reserved 1124352K
  class space    used 10986K, capacity 11941K, committed 12056K, reserved 1048576K
}
Event: 13.634 GC heap before
{Heap before GC invocations=18 (full 0):
 garbage-first heap   total 187392K, used 146689K [0x0000000080000000, 0x0000000100000000)
  region size 1024K, 81 young (82944K), 11 survivors (11264K)
 Metaspace       used 96807K, capacity 100761K, committed 100892K, reserved 1136640K
  class space    used 13089K, capacity 14670K, committed 14744K, reserved 1048576K
}

