# JRE version: OpenJDK Runtime Environment (11.0.13) (build 11.0.13+0-b1751.21-8125866)
# Java VM: OpenJDK 64-Bit Server VM (11.0.13+0-b1751.21-8125866, mixed mode, tiered, compressed oops, g1 gc, windows-amd64)
Heap:
 garbage-first heap   total 628736K, used 272287K [0x0000000080000000, 0x0000000100000000)
  region size 1024K, 13 young (13312K), 13 survivors (13312K)
 Metaspace       used 142697K, capacity 146476K, committed 149244K, reserved 1179648K
  class space    used 17391K, capacity 18811K, committed 20044K, reserved 1048576K
GC Heap History (20 events):
Event: 11096.509 GC heap after
{Heap after GC invocations=140 (full 0):
 garbage-first heap   total 356352K, used 226223K [0x0000000080000000, 0x0000000100000000)
  region size 1024K, 11 young (11264K), 11 survivors (11264K)
 Metaspace       used 141635K, capacity 145330K, committed 148220K, reserved 1177600K
  class space    used 17346K, capacity 18732K, committed 20044K, reserved 1048576K
}
Event: 11097.086 GC heap before
{Heap before GC invocations=141 (full 0):
 garbage-first heap   total 356352K, used 292783K [0x0000000080000000, 0x0000000100000000)
  region size 1024K, 77 young (78848K), 11 survivors (11264K)
 Metaspace       used 141662K, capacity 145395K, committed 148476K, reserved 1177600K
  class space    used 17346K, capacity 18732K, committed 20044K, reserved 1048576K
}
Event: 11097.114 GC heap after
{Heap after GC invocations=142 (full 0):
 garbage-first heap   total 356352K, used 235848K [0x0000000080000000, 0x0000000100000000)
  region size 1024K, 9 young (9216K), 9 survivors (9216K)
 Metaspace       used 141662K, capacity 145395K, committed 148476K, reserved 1177600K
  class space    used 17346K, capacity 18732K, committed 20044K, reserved 1048576K
}
Event: 11097.146 GC heap before
{Heap before GC invocations=142 (full 0):
 garbage-first heap   total 356352K, used 244040K [0x0000000080000000, 0x0000000100000000)
  region size 1024K, 17 young (17408K), 9 survivors (9216K)
 Metaspace       used 141666K, capacity 145398K, committed 148476K, reserved 1177600K
  class space    used 17347K, capacity 18733K, committed 20044K, reserved 1048576K
}
Event: 11097.166 GC heap after
{Heap after GC invocations=143 (full 0):
 garbage-first heap   total 356352K, used 233997K [0x0000000080000000, 0x0000000100000000)
  region size 1024K, 3 young (3072K), 3 survivors (3072K)
 Metaspace       used 141666K, capacity 145398K, committed 148476K, reserved 1177600K
  class space    used 17347K, capacity 18733K, committed 20044K, reserved 1048576K
}
Event: 11097.368 GC heap before
{Heap before GC invocations=143 (full 0):
 garbage-first heap   total 356352K, used 295437K [0x0000000080000000, 0x0000000100000000)
  region size 1024K, 63 young (64512K), 3 survivors (3072K)
 Metaspace       used 141684K, capacity 145412K, committed 148476K, reserved 1177600K
  class space    used 17350K, capacity 18737K, committed 20044K, reserved 1048576K
}
Event: 11097.385 GC heap after
{Heap after GC invocations=144 (full 0):
 garbage-first heap   total 356352K, used 239732K [0x0000000080000000, 0x0000000100000000)
  region size 1024K, 8 young (8192K), 8 survivors (8192K)
 Metaspace       used 141684K, capacity 145412K, committed 148476K, reserved 1177600K
  class space    used 17350K, capacity 18737K, committed 20044K, reserved 1048576K
}
Event: 11097.916 GC heap before
{Heap before GC invocations=144 (full 0):
 garbage-first heap   total 356352K, used 299124K [0x0000000080000000, 0x0000000100000000)
  region size 1024K, 66 young (67584K), 8 survivors (8192K)
 Metaspace       used 141859K, capacity 145565K, committed 148476K, reserved 1177600K
  class space    used 17359K, capacity 18744K, committed 20044K, reserved 1048576K
}
Event: 11097.942 GC heap after
{Heap after GC invocations=145 (full 0):
 garbage-first heap   total 356352K, used 245290K [0x0000000080000000, 0x0000000100000000)
  region size 1024K, 6 young (6144K), 6 survivors (6144K)
 Metaspace       used 141859K, capacity 145565K, committed 148476K, reserved 1177600K
  class space    used 17359K, capacity 18744K, committed 20044K, reserved 1048576K
}
Event: 11098.334 GC heap before
{Heap before GC invocations=146 (full 0):
 garbage-first heap   total 356352K, used 301610K [0x0000000080000000, 0x0000000100000000)
  region size 1024K, 61 young (62464K), 6 survivors (6144K)
 Metaspace       used 141865K, capacity 145565K, committed 148476K, reserved 1177600K
  class space    used 17359K, capacity 18744K, committed 20044K, reserved 1048576K
}
Event: 11098.363 GC heap after
{Heap after GC invocations=147 (full 0):
 garbage-first heap   total 356352K, used 248554K [0x0000000080000000, 0x0000000100000000)
  region size 1024K, 4 young (4096K), 4 survivors (4096K)
 Metaspace       used 141865K, capacity 145565K, committed 148476K, reserved 1177600K
  class space    used 17359K, capacity 18744K, committed 20044K, reserved 1048576K
}
Event: 11098.448 GC heap before
{Heap before GC invocations=147 (full 0):
 garbage-first heap   total 356352K, used 261866K [0x0000000080000000, 0x0000000100000000)
  region size 1024K, 17 young (17408K), 4 survivors (4096K)
 Metaspace       used 141877K, capacity 145581K, committed 148476K, reserved 1177600K
  class space    used 17362K, capacity 18749K, committed 20044K, reserved 1048576K
}
Event: 11098.467 GC heap after
{Heap after GC invocations=148 (full 0):
 garbage-first heap   total 470016K, used 246346K [0x0000000080000000, 0x0000000100000000)
  region size 1024K, 2 young (2048K), 2 survivors (2048K)
 Metaspace       used 141877K, capacity 145581K, committed 148476K, reserved 1177600K
  class space    used 17362K, capacity 18749K, committed 20044K, reserved 1048576K
}
Event: 11099.268 GC heap before
{Heap before GC invocations=148 (full 0):
 garbage-first heap   total 470016K, used 360010K [0x0000000080000000, 0x0000000100000000)
  region size 1024K, 113 young (115712K), 2 survivors (2048K)
 Metaspace       used 142208K, capacity 146023K, committed 148988K, reserved 1177600K
  class space    used 17371K, capacity 18763K, committed 20044K, reserved 1048576K
}
Event: 11099.310 GC heap after
{Heap after GC invocations=149 (full 0):
 garbage-first heap   total 470016K, used 250379K [0x0000000080000000, 0x0000000100000000)
  region size 1024K, 6 young (6144K), 6 survivors (6144K)
 Metaspace       used 142208K, capacity 146023K, committed 148988K, reserved 1177600K
  class space    used 17371K, capacity 18763K, committed 20044K, reserved 1048576K
}
Event: 11101.050 GC heap before
{Heap before GC invocations=149 (full 0):
 garbage-first heap   total 470016K, used 367115K [0x0000000080000000, 0x0000000100000000)
  region size 1024K, 121 young (123904K), 6 survivors (6144K)
 Metaspace       used 142557K, capacity 146396K, committed 149244K, reserved 1179648K
  class space    used 17390K, capacity 18810K, committed 20044K, reserved 1048576K
}
Event: 11101.077 GC heap after
{Heap after GC invocations=150 (full 0):
 garbage-first heap   total 470016K, used 256218K [0x0000000080000000, 0x0000000100000000)
  region size 1024K, 11 young (11264K), 11 survivors (11264K)
 Metaspace       used 142557K, capacity 146396K, committed 149244K, reserved 1179648K
  class space    used 17390K, capacity 18810K, committed 20044K, reserved 1048576K
}
Event: 11101.581 GC heap before
{Heap before GC invocations=151 (full 0):
 garbage-first heap   total 470016K, used 375002K [0x0000000080000000, 0x0000000100000000)
  region size 1024K, 128 young (131072K), 11 survivors (11264K)
 Metaspace       used 142649K, capacity 146473K, committed 149244K, reserved 1179648K
  class space    used 17391K, capacity 18811K, committed 20044K, reserved 1048576K
}
Event: 11101.625 GC heap after
{Heap after GC invocations=152 (full 0):
 garbage-first heap   total 470016K, used 264659K [0x0000000080000000, 0x0000000100000000)
  region size 1024K, 15 young (15360K), 15 survivors (15360K)
 Metaspace       used 142649K, capacity 146473K, committed 149244K, reserved 1179648K
  class space    used 17391K, capacity 18811K, committed 20044K, reserved 1048576K
}
Event: 11101.992 GC heap before
{Heap before GC invocations=152 (full 0):
 garbage-first heap   total 470016K, used 380371K [0x0000000080000000, 0x0000000100000000)
  region size 1024K, 129 young (132096K), 15 survivors (15360K)
 Metaspace       used 142697K, capacity 146476K, committed 149244K, reserved 1179648K
  class space    used 17391K, capacity 18811K, committed 20044K, reserved 1048576K
}

