# JRE version: OpenJDK Runtime Environment (11.0.13) (build 11.0.13+0-b1751.21-8125866)
# Java VM: OpenJDK 64-Bit Server VM (11.0.13+0-b1751.21-8125866, mixed mode, tiered, compressed oops, g1 gc, windows-amd64)
Heap:
 garbage-first heap   total 225280K, used 126205K [0x0000000080000000, 0x0000000100000000)
  region size 1024K, 70 young (71680K), 12 survivors (12288K)
 Metaspace       used 83516K, capacity 86015K, committed 86268K, reserved 1126400K
  class space    used 10884K, capacity 11803K, committed 11852K, reserved 1048576K
GC Heap History (20 events):
Event: 3.702 GC heap before
{Heap before GC invocations=7 (full 0):
 garbage-first heap   total 129024K, used 24007K [0x0000000080000000, 0x0000000100000000)
  region size 1024K, 9 young (9216K), 6 survivors (6144K)
 Metaspace       used 35156K, capacity 35917K, committed 35964K, reserved 1081344K
  class space    used 4498K, capacity 4795K, committed 4812K, reserved 1048576K
}
Event: 3.714 GC heap after
{Heap after GC invocations=8 (full 0):
 garbage-first heap   total 155648K, used 22827K [0x0000000080000000, 0x0000000100000000)
  region size 1024K, 4 young (4096K), 4 survivors (4096K)
 Metaspace       used 35156K, capacity 35917K, committed 35964K, reserved 1081344K
  class space    used 4498K, capacity 4795K, committed 4812K, reserved 1048576K
}
Event: 4.424 GC heap before
{Heap before GC invocations=9 (full 0):
 garbage-first heap   total 155648K, used 84267K [0x0000000080000000, 0x0000000100000000)
  region size 1024K, 62 young (63488K), 4 survivors (4096K)
 Metaspace       used 39657K, capacity 40592K, committed 40700K, reserved 1085440K
  class space    used 5011K, capacity 5367K, committed 5452K, reserved 1048576K
}
Event: 4.432 GC heap after
{Heap after GC invocations=10 (full 0):
 garbage-first heap   total 155648K, used 27007K [0x0000000080000000, 0x0000000100000000)
  region size 1024K, 8 young (8192K), 8 survivors (8192K)
 Metaspace       used 39657K, capacity 40592K, committed 40700K, reserved 1085440K
  class space    used 5011K, capacity 5367K, committed 5452K, reserved 1048576K
}
Event: 5.060 GC heap before
{Heap before GC invocations=10 (full 0):
 garbage-first heap   total 155648K, used 91519K [0x0000000080000000, 0x0000000100000000)
  region size 1024K, 70 young (71680K), 8 survivors (8192K)
 Metaspace       used 45375K, capacity 46385K, committed 46588K, reserved 1089536K
  class space    used 5762K, capacity 6181K, committed 6220K, reserved 1048576K
}
Event: 5.069 GC heap after
{Heap after GC invocations=11 (full 0):
 garbage-first heap   total 155648K, used 29273K [0x0000000080000000, 0x0000000100000000)
  region size 1024K, 7 young (7168K), 7 survivors (7168K)
 Metaspace       used 45375K, capacity 46385K, committed 46588K, reserved 1089536K
  class space    used 5762K, capacity 6181K, committed 6220K, reserved 1048576K
}
Event: 5.952 GC heap before
{Heap before GC invocations=11 (full 0):
 garbage-first heap   total 155648K, used 98905K [0x0000000080000000, 0x0000000100000000)
  region size 1024K, 73 young (74752K), 7 survivors (7168K)
 Metaspace       used 48278K, capacity 49457K, committed 49532K, reserved 1091584K
  class space    used 6110K, capacity 6561K, committed 6604K, reserved 1048576K
}
Event: 5.974 GC heap after
{Heap after GC invocations=12 (full 0):
 garbage-first heap   total 155648K, used 38976K [0x0000000080000000, 0x0000000100000000)
  region size 1024K, 10 young (10240K), 10 survivors (10240K)
 Metaspace       used 48278K, capacity 49457K, committed 49532K, reserved 1091584K
  class space    used 6110K, capacity 6561K, committed 6604K, reserved 1048576K
}
Event: 6.909 GC heap before
{Heap before GC invocations=12 (full 0):
 garbage-first heap   total 155648K, used 107584K [0x0000000080000000, 0x0000000100000000)
  region size 1024K, 75 young (76800K), 10 survivors (10240K)
 Metaspace       used 56925K, capacity 58327K, committed 58620K, reserved 1099776K
  class space    used 7161K, capacity 7712K, committed 7756K, reserved 1048576K
}
Event: 6.921 GC heap after
{Heap after GC invocations=13 (full 0):
 garbage-first heap   total 187392K, used 45477K [0x0000000080000000, 0x0000000100000000)
  region size 1024K, 5 young (5120K), 5 survivors (5120K)
 Metaspace       used 56925K, capacity 58327K, committed 58620K, reserved 1099776K
  class space    used 7161K, capacity 7712K, committed 7756K, reserved 1048576K
}
Event: 7.167 GC heap before
{Heap before GC invocations=13 (full 0):
 garbage-first heap   total 187392K, used 58789K [0x0000000080000000, 0x0000000100000000)
  region size 1024K, 19 young (19456K), 5 survivors (5120K)
 Metaspace       used 58956K, capacity 60501K, committed 60580K, reserved 1101824K
  class space    used 7442K, capacity 7988K, committed 8012K, reserved 1048576K
}
Event: 7.175 GC heap after
{Heap after GC invocations=14 (full 0):
 garbage-first heap   total 187392K, used 45739K [0x0000000080000000, 0x0000000100000000)
  region size 1024K, 5 young (5120K), 5 survivors (5120K)
 Metaspace       used 58956K, capacity 60501K, committed 60580K, reserved 1101824K
  class space    used 7442K, capacity 7988K, committed 8012K, reserved 1048576K
}
Event: 8.339 GC heap before
{Heap before GC invocations=15 (full 0):
 garbage-first heap   total 187392K, used 126635K [0x0000000080000000, 0x0000000100000000)
  region size 1024K, 84 young (86016K), 5 survivors (5120K)
 Metaspace       used 65060K, capacity 66589K, committed 66940K, reserved 1107968K
  class space    used 8207K, capacity 8766K, committed 8908K, reserved 1048576K
}
Event: 8.358 GC heap after
{Heap after GC invocations=16 (full 0):
 garbage-first heap   total 187392K, used 51821K [0x0000000080000000, 0x0000000100000000)
  region size 1024K, 11 young (11264K), 11 survivors (11264K)
 Metaspace       used 65060K, capacity 66589K, committed 66940K, reserved 1107968K
  class space    used 8207K, capacity 8766K, committed 8908K, reserved 1048576K
}
Event: 9.531 GC heap before
{Heap before GC invocations=17 (full 0):
 garbage-first heap   total 187392K, used 133741K [0x0000000080000000, 0x0000000100000000)
  region size 1024K, 91 young (93184K), 11 survivors (11264K)
 Metaspace       used 71740K, capacity 73317K, committed 73596K, reserved 1114112K
  class space    used 9265K, capacity 9886K, committed 9932K, reserved 1048576K
}
Event: 9.547 GC heap after
{Heap after GC invocations=18 (full 0):
 garbage-first heap   total 187392K, used 57604K [0x0000000080000000, 0x0000000100000000)
  region size 1024K, 12 young (12288K), 12 survivors (12288K)
 Metaspace       used 71740K, capacity 73317K, committed 73596K, reserved 1114112K
  class space    used 9265K, capacity 9886K, committed 9932K, reserved 1048576K
}
Event: 10.761 GC heap before
{Heap before GC invocations=18 (full 0):
 garbage-first heap   total 187392K, used 138500K [0x0000000080000000, 0x0000000100000000)
  region size 1024K, 91 young (93184K), 12 survivors (12288K)
 Metaspace       used 79832K, capacity 81784K, committed 82044K, reserved 1120256K
  class space    used 10424K, capacity 11152K, committed 11212K, reserved 1048576K
}
Event: 10.777 GC heap after
{Heap after GC invocations=19 (full 0):
 garbage-first heap   total 187392K, used 63007K [0x0000000080000000, 0x0000000100000000)
  region size 1024K, 12 young (12288K), 12 survivors (12288K)
 Metaspace       used 79832K, capacity 81784K, committed 82044K, reserved 1120256K
  class space    used 10424K, capacity 11152K, committed 11212K, reserved 1048576K
}
Event: 11.699 GC heap before
{Heap before GC invocations=19 (full 0):
 garbage-first heap   total 187392K, used 141855K [0x0000000080000000, 0x0000000100000000)
  region size 1024K, 90 young (92160K), 12 survivors (12288K)
 Metaspace       used 82027K, capacity 84389K, committed 84604K, reserved 1122304K
  class space    used 10753K, capacity 11642K, committed 11724K, reserved 1048576K
}
Event: 11.722 GC heap after
{Heap after GC invocations=20 (full 0):
 garbage-first heap   total 225280K, used 68861K [0x0000000080000000, 0x0000000100000000)
  region size 1024K, 12 young (12288K), 12 survivors (12288K)
 Metaspace       used 82027K, capacity 84389K, committed 84604K, reserved 1122304K
  class space    used 10753K, capacity 11642K, committed 11724K, reserved 1048576K
}

