# JRE version: OpenJDK Runtime Environment (11.0.13) (build 11.0.13+0-b1751.21-8125866)
# Java VM: OpenJDK 64-Bit Server VM (11.0.13+0-b1751.21-8125866, mixed mode, tiered, compressed oops, g1 gc, windows-amd64)
Heap:
 garbage-first heap   total 129024K, used 47171K [0x0000000080000000, 0x0000000100000000)
  region size 1024K, 29 young (29696K), 9 survivors (9216K)
 Metaspace       used 41739K, capacity 42734K, committed 43004K, reserved 1087488K
  class space    used 5296K, capacity 5689K, committed 5708K, reserved 1048576K
GC Heap History (12 events):
Event: 4.981 GC heap before
{Heap before GC invocations=0 (full 0):
 garbage-first heap   total 129024K, used 29696K [0x0000000080000000, 0x0000000100000000)
  region size 1024K, 24 young (24576K), 0 survivors (0K)
 Metaspace       used 9886K, capacity 10130K, committed 10368K, reserved 1058816K
  class space    used 1013K, capacity 1102K, committed 1152K, reserved 1048576K
}
Event: 4.986 GC heap after
{Heap after GC invocations=1 (full 0):
 garbage-first heap   total 129024K, used 9012K [0x0000000080000000, 0x0000000100000000)
  region size 1024K, 3 young (3072K), 3 survivors (3072K)
 Metaspace       used 9886K, capacity 10130K, committed 10368K, reserved 1058816K
  class space    used 1013K, capacity 1102K, committed 1152K, reserved 1048576K
}
Event: 6.990 GC heap before
{Heap before GC invocations=1 (full 0):
 garbage-first heap   total 129024K, used 82740K [0x0000000080000000, 0x0000000100000000)
  region size 1024K, 75 young (76800K), 3 survivors (3072K)
 Metaspace       used 17586K, capacity 17983K, committed 18176K, reserved 1064960K
  class space    used 2050K, capacity 2209K, committed 2304K, reserved 1048576K
}
Event: 6.997 GC heap after
{Heap after GC invocations=2 (full 0):
 garbage-first heap   total 129024K, used 16065K [0x0000000080000000, 0x0000000100000000)
  region size 1024K, 10 young (10240K), 10 survivors (10240K)
 Metaspace       used 17586K, capacity 17983K, committed 18176K, reserved 1064960K
  class space    used 2050K, capacity 2209K, committed 2304K, reserved 1048576K
}
Event: 7.320 GC heap before
{Heap before GC invocations=2 (full 0):
 garbage-first heap   total 129024K, used 45761K [0x0000000080000000, 0x0000000100000000)
  region size 1024K, 40 young (40960K), 10 survivors (10240K)
 Metaspace       used 20784K, capacity 21197K, committed 21296K, reserved 1069056K
  class space    used 2528K, capacity 2684K, committed 2688K, reserved 1048576K
}
Event: 7.327 GC heap after
{Heap after GC invocations=3 (full 0):
 garbage-first heap   total 129024K, used 17382K [0x0000000080000000, 0x0000000100000000)
  region size 1024K, 2 young (2048K), 2 survivors (2048K)
 Metaspace       used 20784K, capacity 21197K, committed 21296K, reserved 1069056K
  class space    used 2528K, capacity 2684K, committed 2688K, reserved 1048576K
}
Event: 12.668 GC heap before
{Heap before GC invocations=4 (full 0):
 garbage-first heap   total 129024K, used 70630K [0x0000000080000000, 0x0000000100000000)
  region size 1024K, 55 young (56320K), 2 survivors (2048K)
 Metaspace       used 26660K, capacity 27216K, committed 27388K, reserved 1073152K
  class space    used 3433K, capacity 3637K, committed 3660K, reserved 1048576K
}
Event: 12.675 GC heap after
{Heap after GC invocations=5 (full 0):
 garbage-first heap   total 129024K, used 19179K [0x0000000080000000, 0x0000000100000000)
  region size 1024K, 4 young (4096K), 4 survivors (4096K)
 Metaspace       used 26660K, capacity 27216K, committed 27388K, reserved 1073152K
  class space    used 3433K, capacity 3637K, committed 3660K, reserved 1048576K
}
Event: 13.758 GC heap before
{Heap before GC invocations=5 (full 0):
 garbage-first heap   total 129024K, used 77547K [0x0000000080000000, 0x0000000100000000)
  region size 1024K, 62 young (63488K), 4 survivors (4096K)
 Metaspace       used 35115K, capacity 35887K, committed 35964K, reserved 1081344K
  class space    used 4490K, capacity 4784K, committed 4812K, reserved 1048576K
}
Event: 13.771 GC heap after
{Heap after GC invocations=6 (full 0):
 garbage-first heap   total 129024K, used 22632K [0x0000000080000000, 0x0000000100000000)
  region size 1024K, 7 young (7168K), 7 survivors (7168K)
 Metaspace       used 35115K, capacity 35887K, committed 35964K, reserved 1081344K
  class space    used 4490K, capacity 4784K, committed 4812K, reserved 1048576K
}
Event: 14.598 GC heap before
{Heap before GC invocations=7 (full 0):
 garbage-first heap   total 129024K, used 87144K [0x0000000080000000, 0x0000000100000000)
  region size 1024K, 68 young (69632K), 7 survivors (7168K)
 Metaspace       used 39800K, capacity 40730K, committed 40956K, reserved 1085440K
  class space    used 5025K, capacity 5370K, committed 5452K, reserved 1048576K
}
Event: 14.609 GC heap after
{Heap after GC invocations=8 (full 0):
 garbage-first heap   total 129024K, used 27715K [0x0000000080000000, 0x0000000100000000)
  region size 1024K, 9 young (9216K), 9 survivors (9216K)
 Metaspace       used 39800K, capacity 40730K, committed 40956K, reserved 1085440K
  class space    used 5025K, capacity 5370K, committed 5452K, reserved 1048576K
}

