# JRE version: OpenJDK Runtime Environment (11.0.13) (build 11.0.13+0-b1751.21-8125866)
# Java VM: OpenJDK 64-Bit Server VM (11.0.13+0-b1751.21-8125866, mixed mode, tiered, compressed oops, g1 gc, windows-amd64)
Heap:
 garbage-first heap   total 187392K, used 58241K [0x0000000080000000, 0x0000000100000000)
  region size 1024K, 8 young (8192K), 8 survivors (8192K)
 Metaspace       used 72001K, capacity 73755K, committed 73884K, reserved 1114112K
  class space    used 9304K, capacity 9925K, committed 10008K, reserved 1048576K
GC Heap History (20 events):
Event: 2.612 GC heap after
{Heap after GC invocations=5 (full 0):
 garbage-first heap   total 129024K, used 18884K [0x0000000080000000, 0x0000000100000000)
  region size 1024K, 3 young (3072K), 3 survivors (3072K)
 Metaspace       used 26457K, capacity 27021K, committed 27132K, reserved 1073152K
  class space    used 3400K, capacity 3593K, committed 3660K, reserved 1048576K
}
Event: 3.206 GC heap before
{Heap before GC invocations=5 (full 0):
 garbage-first heap   total 129024K, used 77252K [0x0000000080000000, 0x0000000100000000)
  region size 1024K, 60 young (61440K), 3 survivors (3072K)
 Metaspace       used 34151K, capacity 34998K, committed 35196K, reserved 1079296K
  class space    used 4372K, capacity 4679K, committed 4812K, reserved 1048576K
}
Event: 3.211 GC heap after
{Heap after GC invocations=6 (full 0):
 garbage-first heap   total 129024K, used 21905K [0x0000000080000000, 0x0000000100000000)
  region size 1024K, 6 young (6144K), 6 survivors (6144K)
 Metaspace       used 34151K, capacity 34998K, committed 35196K, reserved 1079296K
  class space    used 4372K, capacity 4679K, committed 4812K, reserved 1048576K
}
Event: 3.273 GC heap before
{Heap before GC invocations=6 (full 0):
 garbage-first heap   total 129024K, used 23953K [0x0000000080000000, 0x0000000100000000)
  region size 1024K, 9 young (9216K), 6 survivors (6144K)
 Metaspace       used 35137K, capacity 35910K, committed 35964K, reserved 1081344K
  class space    used 4494K, capacity 4792K, committed 4812K, reserved 1048576K
}
Event: 3.284 GC heap after
{Heap after GC invocations=7 (full 0):
 garbage-first heap   total 129024K, used 22706K [0x0000000080000000, 0x0000000100000000)
  region size 1024K, 4 young (4096K), 4 survivors (4096K)
 Metaspace       used 35137K, capacity 35910K, committed 35964K, reserved 1081344K
  class space    used 4494K, capacity 4792K, committed 4812K, reserved 1048576K
}
Event: 3.837 GC heap before
{Heap before GC invocations=8 (full 0):
 garbage-first heap   total 129024K, used 73906K [0x0000000080000000, 0x0000000100000000)
  region size 1024K, 52 young (53248K), 4 survivors (4096K)
 Metaspace       used 39203K, capacity 40129K, committed 40316K, reserved 1085440K
  class space    used 4933K, capacity 5257K, committed 5324K, reserved 1048576K
}
Event: 3.846 GC heap after
{Heap after GC invocations=9 (full 0):
 garbage-first heap   total 129024K, used 26479K [0x0000000080000000, 0x0000000100000000)
  region size 1024K, 7 young (7168K), 7 survivors (7168K)
 Metaspace       used 39203K, capacity 40129K, committed 40316K, reserved 1085440K
  class space    used 4933K, capacity 5257K, committed 5324K, reserved 1048576K
}
Event: 4.377 GC heap before
{Heap before GC invocations=9 (full 0):
 garbage-first heap   total 129024K, used 78703K [0x0000000080000000, 0x0000000100000000)
  region size 1024K, 57 young (58368K), 7 survivors (7168K)
 Metaspace       used 43798K, capacity 44840K, committed 45052K, reserved 1089536K
  class space    used 5519K, capacity 5919K, committed 5964K, reserved 1048576K
}
Event: 4.385 GC heap after
{Heap after GC invocations=10 (full 0):
 garbage-first heap   total 155648K, used 29236K [0x0000000080000000, 0x0000000100000000)
  region size 1024K, 7 young (7168K), 7 survivors (7168K)
 Metaspace       used 43798K, capacity 44840K, committed 45052K, reserved 1089536K
  class space    used 5519K, capacity 5919K, committed 5964K, reserved 1048576K
}
Event: 5.113 GC heap before
{Heap before GC invocations=10 (full 0):
 garbage-first heap   total 155648K, used 91700K [0x0000000080000000, 0x0000000100000000)
  region size 1024K, 68 young (69632K), 7 survivors (7168K)
 Metaspace       used 47822K, capacity 49028K, committed 49276K, reserved 1091584K
  class space    used 6077K, capacity 6508K, committed 6604K, reserved 1048576K
}
Event: 5.121 GC heap after
{Heap after GC invocations=11 (full 0):
 garbage-first heap   total 155648K, used 31646K [0x0000000080000000, 0x0000000100000000)
  region size 1024K, 6 young (6144K), 6 survivors (6144K)
 Metaspace       used 47822K, capacity 49028K, committed 49276K, reserved 1091584K
  class space    used 6077K, capacity 6508K, committed 6604K, reserved 1048576K
}
Event: 5.897 GC heap before
{Heap before GC invocations=11 (full 0):
 garbage-first heap   total 155648K, used 100254K [0x0000000080000000, 0x0000000100000000)
  region size 1024K, 70 young (71680K), 6 survivors (6144K)
 Metaspace       used 52464K, capacity 53819K, committed 54012K, reserved 1095680K
  class space    used 6623K, capacity 7149K, committed 7244K, reserved 1048576K
}
Event: 5.904 GC heap after
{Heap after GC invocations=12 (full 0):
 garbage-first heap   total 155648K, used 44292K [0x0000000080000000, 0x0000000100000000)
  region size 1024K, 9 young (9216K), 9 survivors (9216K)
 Metaspace       used 52464K, capacity 53819K, committed 54012K, reserved 1095680K
  class space    used 6623K, capacity 7149K, committed 7244K, reserved 1048576K
}
Event: 6.455 GC heap before
{Heap before GC invocations=12 (full 0):
 garbage-first heap   total 155648K, used 84228K [0x0000000080000000, 0x0000000100000000)
  region size 1024K, 49 young (50176K), 9 survivors (9216K)
 Metaspace       used 58783K, capacity 60269K, committed 60368K, reserved 1101824K
  class space    used 7413K, capacity 7975K, committed 8012K, reserved 1048576K
}
Event: 6.468 GC heap after
{Heap after GC invocations=13 (full 0):
 garbage-first heap   total 155648K, used 46679K [0x0000000080000000, 0x0000000100000000)
  region size 1024K, 2 young (2048K), 2 survivors (2048K)
 Metaspace       used 58783K, capacity 60269K, committed 60368K, reserved 1101824K
  class space    used 7413K, capacity 7975K, committed 8012K, reserved 1048576K
}
Event: 7.141 GC heap before
{Heap before GC invocations=14 (full 0):
 garbage-first heap   total 155648K, used 100951K [0x0000000080000000, 0x0000000100000000)
  region size 1024K, 56 young (57344K), 2 survivors (2048K)
 Metaspace       used 63795K, capacity 65328K, committed 65692K, reserved 1105920K
  class space    used 8008K, capacity 8589K, committed 8728K, reserved 1048576K
}
Event: 7.146 GC heap after
{Heap after GC invocations=15 (full 0):
 garbage-first heap   total 155648K, used 51295K [0x0000000080000000, 0x0000000100000000)
  region size 1024K, 7 young (7168K), 7 survivors (7168K)
 Metaspace       used 63795K, capacity 65328K, committed 65692K, reserved 1105920K
  class space    used 8008K, capacity 8589K, committed 8728K, reserved 1048576K
}
Event: 7.599 GC heap before
{Heap before GC invocations=15 (full 0):
 garbage-first heap   total 155648K, used 106591K [0x0000000080000000, 0x0000000100000000)
  region size 1024K, 61 young (62464K), 7 survivors (7168K)
 Metaspace       used 65975K, capacity 67528K, committed 67740K, reserved 1107968K
  class space    used 8324K, capacity 8930K, committed 8984K, reserved 1048576K
}
Event: 7.607 GC heap after
{Heap after GC invocations=16 (full 0):
 garbage-first heap   total 155648K, used 55109K [0x0000000080000000, 0x0000000100000000)
  region size 1024K, 5 young (5120K), 5 survivors (5120K)
 Metaspace       used 65975K, capacity 67528K, committed 67740K, reserved 1107968K
  class space    used 8324K, capacity 8930K, committed 8984K, reserved 1048576K
}
Event: 8.470 GC heap before
{Heap before GC invocations=16 (full 0):
 garbage-first heap   total 155648K, used 110405K [0x0000000080000000, 0x0000000100000000)
  region size 1024K, 59 young (60416K), 5 survivors (5120K)
 Metaspace       used 72001K, capacity 73755K, committed 73884K, reserved 1114112K
  class space    used 9304K, capacity 9925K, committed 10008K, reserved 1048576K
}

