# JRE version: OpenJDK Runtime Environment (11.0.13) (build 11.0.13+0-b1751.21-8125866)
# Java VM: OpenJDK 64-Bit Server VM (11.0.13+0-b1751.21-8125866, mixed mode, tiered, compressed oops, g1 gc, windows-amd64)
Heap:
 garbage-first heap   total 187392K, used 127499K [0x0000000080000000, 0x0000000100000000)
  region size 1024K, 75 young (76800K), 8 survivors (8192K)
 Metaspace       used 81463K, capacity 83653K, committed 83964K, reserved 1122304K
  class space    used 10666K, capacity 11510K, committed 11596K, reserved 1048576K
GC Heap History (20 events):
Event: 3.995 GC heap before
{Heap before GC invocations=6 (full 0):
 garbage-first heap   total 129024K, used 23011K [0x0000000080000000, 0x0000000100000000)
  region size 1024K, 9 young (9216K), 7 survivors (7168K)
 Metaspace       used 35127K, capacity 35910K, committed 35964K, reserved 1081344K
  class space    used 4501K, capacity 4792K, committed 4812K, reserved 1048576K
}
Event: 4.005 GC heap after
{Heap after GC invocations=7 (full 0):
 garbage-first heap   total 129024K, used 22341K [0x0000000080000000, 0x0000000100000000)
  region size 1024K, 4 young (4096K), 4 survivors (4096K)
 Metaspace       used 35127K, capacity 35910K, committed 35964K, reserved 1081344K
  class space    used 4501K, capacity 4792K, committed 4812K, reserved 1048576K
}
Event: 4.665 GC heap before
{Heap before GC invocations=8 (full 0):
 garbage-first heap   total 129024K, used 86853K [0x0000000080000000, 0x0000000100000000)
  region size 1024K, 65 young (66560K), 4 survivors (4096K)
 Metaspace       used 39789K, capacity 40730K, committed 40956K, reserved 1085440K
  class space    used 5031K, capacity 5370K, committed 5452K, reserved 1048576K
}
Event: 4.672 GC heap after
{Heap after GC invocations=9 (full 0):
 garbage-first heap   total 129024K, used 27297K [0x0000000080000000, 0x0000000100000000)
  region size 1024K, 9 young (9216K), 9 survivors (9216K)
 Metaspace       used 39789K, capacity 40730K, committed 40956K, reserved 1085440K
  class space    used 5031K, capacity 5370K, committed 5452K, reserved 1048576K
}
Event: 5.364 GC heap before
{Heap before GC invocations=9 (full 0):
 garbage-first heap   total 129024K, used 88737K [0x0000000080000000, 0x0000000100000000)
  region size 1024K, 69 young (70656K), 9 survivors (9216K)
 Metaspace       used 45499K, capacity 46580K, committed 46844K, reserved 1089536K
  class space    used 5781K, capacity 6182K, committed 6220K, reserved 1048576K
}
Event: 5.375 GC heap after
{Heap after GC invocations=10 (full 0):
 garbage-first heap   total 155648K, used 29476K [0x0000000080000000, 0x0000000100000000)
  region size 1024K, 3 young (3072K), 3 survivors (3072K)
 Metaspace       used 45499K, capacity 46580K, committed 46844K, reserved 1089536K
  class space    used 5781K, capacity 6182K, committed 6220K, reserved 1048576K
}
Event: 6.356 GC heap before
{Heap before GC invocations=10 (full 0):
 garbage-first heap   total 155648K, used 109348K [0x0000000080000000, 0x0000000100000000)
  region size 1024K, 77 young (78848K), 3 survivors (3072K)
 Metaspace       used 48654K, capacity 49836K, committed 50172K, reserved 1093632K
  class space    used 6165K, capacity 6622K, committed 6732K, reserved 1048576K
}
Event: 6.362 GC heap after
{Heap after GC invocations=11 (full 0):
 garbage-first heap   total 155648K, used 42701K [0x0000000080000000, 0x0000000100000000)
  region size 1024K, 10 young (10240K), 10 survivors (10240K)
 Metaspace       used 48654K, capacity 49836K, committed 50172K, reserved 1093632K
  class space    used 6165K, capacity 6622K, committed 6732K, reserved 1048576K
}
Event: 7.534 GC heap before
{Heap before GC invocations=11 (full 0):
 garbage-first heap   total 155648K, used 111309K [0x0000000080000000, 0x0000000100000000)
  region size 1024K, 77 young (78848K), 10 survivors (10240K)
 Metaspace       used 57794K, capacity 59210K, committed 59260K, reserved 1101824K
  class space    used 7299K, capacity 7856K, committed 7884K, reserved 1048576K
}
Event: 7.541 GC heap after
{Heap after GC invocations=12 (full 0):
 garbage-first heap   total 155648K, used 45050K [0x0000000080000000, 0x0000000100000000)
  region size 1024K, 3 young (3072K), 3 survivors (3072K)
 Metaspace       used 57794K, capacity 59210K, committed 59260K, reserved 1101824K
  class space    used 7299K, capacity 7856K, committed 7884K, reserved 1048576K
}
Event: 7.663 GC heap before
{Heap before GC invocations=12 (full 0):
 garbage-first heap   total 155648K, used 48122K [0x0000000080000000, 0x0000000100000000)
  region size 1024K, 7 young (7168K), 3 survivors (3072K)
 Metaspace       used 58981K, capacity 60483K, committed 60580K, reserved 1101824K
  class space    used 7448K, capacity 7982K, committed 8012K, reserved 1048576K
}
Event: 7.670 GC heap after
{Heap after GC invocations=13 (full 0):
 garbage-first heap   total 155648K, used 45190K [0x0000000080000000, 0x0000000100000000)
  region size 1024K, 3 young (3072K), 3 survivors (3072K)
 Metaspace       used 58981K, capacity 60483K, committed 60580K, reserved 1101824K
  class space    used 7448K, capacity 7982K, committed 8012K, reserved 1048576K
}
Event: 8.544 GC heap before
{Heap before GC invocations=14 (full 0):
 garbage-first heap   total 155648K, used 99462K [0x0000000080000000, 0x0000000100000000)
  region size 1024K, 57 young (58368K), 3 survivors (3072K)
 Metaspace       used 63966K, capacity 65498K, committed 65660K, reserved 1105920K
  class space    used 8044K, capacity 8624K, committed 8652K, reserved 1048576K
}
Event: 8.555 GC heap after
{Heap after GC invocations=15 (full 0):
 garbage-first heap   total 155648K, used 49748K [0x0000000080000000, 0x0000000100000000)
  region size 1024K, 8 young (8192K), 8 survivors (8192K)
 Metaspace       used 63966K, capacity 65498K, committed 65660K, reserved 1105920K
  class space    used 8044K, capacity 8624K, committed 8652K, reserved 1048576K
}
Event: 9.258 GC heap before
{Heap before GC invocations=16 (full 0):
 garbage-first heap   total 155648K, used 105044K [0x0000000080000000, 0x0000000100000000)
  region size 1024K, 62 young (63488K), 8 survivors (8192K)
 Metaspace       used 66225K, capacity 67826K, committed 68092K, reserved 1107968K
  class space    used 8360K, capacity 8964K, committed 9036K, reserved 1048576K
}
Event: 9.269 GC heap after
{Heap after GC invocations=17 (full 0):
 garbage-first heap   total 155648K, used 53825K [0x0000000080000000, 0x0000000100000000)
  region size 1024K, 5 young (5120K), 5 survivors (5120K)
 Metaspace       used 66225K, capacity 67826K, committed 68092K, reserved 1107968K
  class space    used 8360K, capacity 8964K, committed 9036K, reserved 1048576K
}
Event: 10.251 GC heap before
{Heap before GC invocations=17 (full 0):
 garbage-first heap   total 155648K, used 109121K [0x0000000080000000, 0x0000000100000000)
  region size 1024K, 59 young (60416K), 5 survivors (5120K)
 Metaspace       used 72086K, capacity 73805K, committed 73980K, reserved 1114112K
  class space    used 9316K, capacity 9962K, committed 10060K, reserved 1048576K
}
Event: 10.265 GC heap after
{Heap after GC invocations=18 (full 0):
 garbage-first heap   total 155648K, used 57486K [0x0000000080000000, 0x0000000100000000)
  region size 1024K, 8 young (8192K), 8 survivors (8192K)
 Metaspace       used 72086K, capacity 73805K, committed 73980K, reserved 1114112K
  class space    used 9316K, capacity 9962K, committed 10060K, reserved 1048576K
}
Event: 11.699 GC heap before
{Heap before GC invocations=18 (full 0):
 garbage-first heap   total 155648K, used 113806K [0x0000000080000000, 0x0000000100000000)
  region size 1024K, 63 young (64512K), 8 survivors (8192K)
 Metaspace       used 78064K, capacity 79844K, committed 80124K, reserved 1118208K
  class space    used 10109K, capacity 10797K, committed 10828K, reserved 1048576K
}
Event: 11.713 GC heap after
{Heap after GC invocations=19 (full 0):
 garbage-first heap   total 187392K, used 60939K [0x0000000080000000, 0x0000000100000000)
  region size 1024K, 8 young (8192K), 8 survivors (8192K)
 Metaspace       used 78064K, capacity 79844K, committed 80124K, reserved 1118208K
  class space    used 10109K, capacity 10797K, committed 10828K, reserved 1048576K
}

