# JRE version: OpenJDK Runtime Environment (11.0.13) (build 11.0.13+0-b1751.21-8125866)
# Java VM: OpenJDK 64-Bit Server VM (11.0.13+0-b1751.21-8125866, mixed mode, tiered, compressed oops, g1 gc, windows-amd64)
Heap:
 garbage-first heap   total 443392K, used 176571K [0x0000000080000000, 0x0000000100000000)
  region size 1024K, 2 young (2048K), 2 survivors (2048K)
 Metaspace       used 109274K, capacity 112042K, committed 114204K, reserved 1148928K
  class space    used 13903K, capacity 14954K, committed 15820K, reserved 1048576K
GC Heap History (20 events):
Event: 2188.365 GC heap after
{Heap after GC invocations=29 (full 0):
 garbage-first heap   total 225280K, used 111489K [0x0000000080000000, 0x0000000100000000)
  region size 1024K, 2 young (2048K), 2 survivors (2048K)
 Metaspace       used 107341K, capacity 109934K, committed 112540K, reserved 1146880K
  class space    used 13722K, capacity 14743K, committed 15692K, reserved 1048576K
}
Event: 2188.371 GC heap before
{Heap before GC invocations=29 (full 0):
 garbage-first heap   total 225280K, used 112513K [0x0000000080000000, 0x0000000100000000)
  region size 1024K, 4 young (4096K), 2 survivors (2048K)
 Metaspace       used 107341K, capacity 109934K, committed 112540K, reserved 1146880K
  class space    used 13722K, capacity 14743K, committed 15692K, reserved 1048576K
}
Event: 2188.376 GC heap after
{Heap after GC invocations=30 (full 0):
 garbage-first heap   total 225280K, used 111593K [0x0000000080000000, 0x0000000100000000)
  region size 1024K, 3 young (3072K), 3 survivors (3072K)
 Metaspace       used 107341K, capacity 109934K, committed 112540K, reserved 1146880K
  class space    used 13722K, capacity 14743K, committed 15692K, reserved 1048576K
}
Event: 2188.653 GC heap before
{Heap before GC invocations=31 (full 0):
 garbage-first heap   total 225280K, used 181225K [0x0000000080000000, 0x0000000100000000)
  region size 1024K, 43 young (44032K), 3 survivors (3072K)
 Metaspace       used 107722K, capacity 110317K, committed 112796K, reserved 1146880K
  class space    used 13765K, capacity 14783K, committed 15692K, reserved 1048576K
}
Event: 2188.667 GC heap after
{Heap after GC invocations=32 (full 0):
 garbage-first heap   total 225280K, used 138822K [0x0000000080000000, 0x0000000100000000)
  region size 1024K, 6 young (6144K), 6 survivors (6144K)
 Metaspace       used 107722K, capacity 110317K, committed 112796K, reserved 1146880K
  class space    used 13765K, capacity 14783K, committed 15692K, reserved 1048576K
}
Event: 2188.703 GC heap before
{Heap before GC invocations=32 (full 0):
 garbage-first heap   total 225280K, used 142918K [0x0000000080000000, 0x0000000100000000)
  region size 1024K, 11 young (11264K), 6 survivors (6144K)
 Metaspace       used 107844K, capacity 110477K, committed 112796K, reserved 1146880K
  class space    used 13788K, capacity 14815K, committed 15692K, reserved 1048576K
}
Event: 2188.727 GC heap after
{Heap after GC invocations=33 (full 0):
 garbage-first heap   total 225280K, used 126605K [0x0000000080000000, 0x0000000100000000)
  region size 1024K, 2 young (2048K), 2 survivors (2048K)
 Metaspace       used 107844K, capacity 110477K, committed 112796K, reserved 1146880K
  class space    used 13788K, capacity 14815K, committed 15692K, reserved 1048576K
}
Event: 2188.775 GC heap before
{Heap before GC invocations=33 (full 0):
 garbage-first heap   total 225280K, used 133773K [0x0000000080000000, 0x0000000100000000)
  region size 1024K, 10 young (10240K), 2 survivors (2048K)
 Metaspace       used 108124K, capacity 110669K, committed 113052K, reserved 1146880K
  class space    used 13808K, capacity 14815K, committed 15692K, reserved 1048576K
}
Event: 2188.789 GC heap after
{Heap after GC invocations=34 (full 0):
 garbage-first heap   total 225280K, used 128848K [0x0000000080000000, 0x0000000100000000)
  region size 1024K, 5 young (5120K), 5 survivors (5120K)
 Metaspace       used 108124K, capacity 110669K, committed 113052K, reserved 1146880K
  class space    used 13808K, capacity 14815K, committed 15692K, reserved 1048576K
}
Event: 2189.208 GC heap before
{Heap before GC invocations=35 (full 0):
 garbage-first heap   total 225280K, used 161616K [0x0000000080000000, 0x0000000100000000)
  region size 1024K, 36 young (36864K), 5 survivors (5120K)
 Metaspace       used 108682K, capacity 111478K, committed 113948K, reserved 1146880K
  class space    used 13858K, capacity 14905K, committed 15820K, reserved 1048576K
}
Event: 2189.233 GC heap after
{Heap after GC invocations=36 (full 0):
 garbage-first heap   total 225280K, used 143597K [0x0000000080000000, 0x0000000100000000)
  region size 1024K, 5 young (5120K), 5 survivors (5120K)
 Metaspace       used 108682K, capacity 111478K, committed 113948K, reserved 1146880K
  class space    used 13858K, capacity 14905K, committed 15820K, reserved 1048576K
}
Event: 2189.270 GC heap before
{Heap before GC invocations=36 (full 0):
 garbage-first heap   total 225280K, used 149741K [0x0000000080000000, 0x0000000100000000)
  region size 1024K, 11 young (11264K), 5 survivors (5120K)
 Metaspace       used 108716K, capacity 111480K, committed 113948K, reserved 1146880K
  class space    used 13859K, capacity 14905K, committed 15820K, reserved 1048576K
}
Event: 2189.293 GC heap after
{Heap after GC invocations=37 (full 0):
 garbage-first heap   total 225280K, used 145037K [0x0000000080000000, 0x0000000100000000)
  region size 1024K, 2 young (2048K), 2 survivors (2048K)
 Metaspace       used 108716K, capacity 111480K, committed 113948K, reserved 1146880K
  class space    used 13859K, capacity 14905K, committed 15820K, reserved 1048576K
}
Event: 2189.428 GC heap before
{Heap before GC invocations=37 (full 0):
 garbage-first heap   total 225280K, used 170637K [0x0000000080000000, 0x0000000100000000)
  region size 1024K, 27 young (27648K), 2 survivors (2048K)
 Metaspace       used 108976K, capacity 111749K, committed 113948K, reserved 1146880K
  class space    used 13878K, capacity 14944K, committed 15820K, reserved 1048576K
}
Event: 2189.445 GC heap after
{Heap after GC invocations=38 (full 0):
 garbage-first heap   total 225280K, used 156888K [0x0000000080000000, 0x0000000100000000)
  region size 1024K, 4 young (4096K), 4 survivors (4096K)
 Metaspace       used 108976K, capacity 111749K, committed 113948K, reserved 1146880K
  class space    used 13878K, capacity 14944K, committed 15820K, reserved 1048576K
}
Event: 2189.832 GC heap before
{Heap before GC invocations=39 (full 0):
 garbage-first heap   total 225280K, used 176344K [0x0000000080000000, 0x0000000100000000)
  region size 1024K, 24 young (24576K), 4 survivors (4096K)
 Metaspace       used 109209K, capacity 111951K, committed 114204K, reserved 1148928K
  class space    used 13892K, capacity 14942K, committed 15820K, reserved 1048576K
}
Event: 2189.850 GC heap after
{Heap after GC invocations=40 (full 0):
 garbage-first heap   total 225280K, used 166912K [0x0000000080000000, 0x0000000100000000)
  region size 1024K, 3 young (3072K), 3 survivors (3072K)
 Metaspace       used 109209K, capacity 111951K, committed 114204K, reserved 1148928K
  class space    used 13892K, capacity 14942K, committed 15820K, reserved 1048576K
}
Event: 2189.885 GC heap before
{Heap before GC invocations=40 (full 0):
 garbage-first heap   total 225280K, used 175104K [0x0000000080000000, 0x0000000100000000)
  region size 1024K, 11 young (11264K), 3 survivors (3072K)
 Metaspace       used 109241K, capacity 111962K, committed 114204K, reserved 1148928K
  class space    used 13895K, capacity 14947K, committed 15820K, reserved 1048576K
}
Event: 2189.905 GC heap after
{Heap after GC invocations=41 (full 0):
 garbage-first heap   total 225280K, used 169206K [0x0000000080000000, 0x0000000100000000)
  region size 1024K, 2 young (2048K), 2 survivors (2048K)
 Metaspace       used 109241K, capacity 111962K, committed 114204K, reserved 1148928K
  class space    used 13895K, capacity 14947K, committed 15820K, reserved 1048576K
}
Event: 2189.976 GC heap before
{Heap before GC invocations=41 (full 0):
 garbage-first heap   total 225280K, used 182518K [0x0000000080000000, 0x0000000100000000)
  region size 1024K, 16 young (16384K), 2 survivors (2048K)
 Metaspace       used 109274K, capacity 112042K, committed 114204K, reserved 1148928K
  class space    used 13903K, capacity 14954K, committed 15820K, reserved 1048576K
}

