# JRE version: OpenJDK Runtime Environment (11.0.13) (build 11.0.13+0-b1751.21-8125866)
# Java VM: OpenJDK 64-Bit Server VM (11.0.13+0-b1751.21-8125866, mixed mode, tiered, compressed oops, g1 gc, windows-amd64)
Heap:
 garbage-first heap   total 187392K, used 98465K [0x0000000080000000, 0x0000000100000000)
  region size 1024K, 27 young (27648K), 8 survivors (8192K)
 Metaspace       used 91149K, capacity 94038K, committed 94288K, reserved 1130496K
  class space    used 12123K, capacity 13227K, committed 13260K, reserved 1048576K
GC Heap History (20 events):
Event: 5.620 GC heap before
{Heap before GC invocations=8 (full 0):
 garbage-first heap   total 129024K, used 93525K [0x0000000080000000, 0x0000000100000000)
  region size 1024K, 72 young (73728K), 9 survivors (9216K)
 Metaspace       used 46041K, capacity 47131K, committed 47228K, reserved 1089536K
  class space    used 5848K, capacity 6258K, committed 6348K, reserved 1048576K
}
Event: 5.630 GC heap after
{Heap after GC invocations=9 (full 0):
 garbage-first heap   total 155648K, used 30150K [0x0000000080000000, 0x0000000100000000)
  region size 1024K, 3 young (3072K), 3 survivors (3072K)
 Metaspace       used 46041K, capacity 47131K, committed 47228K, reserved 1089536K
  class space    used 5848K, capacity 6258K, committed 6348K, reserved 1048576K
}
Event: 6.743 GC heap before
{Heap before GC invocations=9 (full 0):
 garbage-first heap   total 155648K, used 113094K [0x0000000080000000, 0x0000000100000000)
  region size 1024K, 81 young (82944K), 3 survivors (3072K)
 Metaspace       used 49864K, capacity 51176K, committed 51324K, reserved 1093632K
  class space    used 6320K, capacity 6824K, committed 6860K, reserved 1048576K
}
Event: 6.752 GC heap after
{Heap after GC invocations=10 (full 0):
 garbage-first heap   total 155648K, used 43634K [0x0000000080000000, 0x0000000100000000)
  region size 1024K, 11 young (11264K), 11 survivors (11264K)
 Metaspace       used 49864K, capacity 51176K, committed 51324K, reserved 1093632K
  class space    used 6320K, capacity 6824K, committed 6860K, reserved 1048576K
}
Event: 8.094 GC heap before
{Heap before GC invocations=10 (full 0):
 garbage-first heap   total 155648K, used 103026K [0x0000000080000000, 0x0000000100000000)
  region size 1024K, 70 young (71680K), 11 survivors (11264K)
 Metaspace       used 58812K, capacity 60306K, committed 60368K, reserved 1101824K
  class space    used 7424K, capacity 7987K, committed 8012K, reserved 1048576K
}
Event: 8.119 GC heap after
{Heap after GC invocations=11 (full 0):
 garbage-first heap   total 155648K, used 46476K [0x0000000080000000, 0x0000000100000000)
  region size 1024K, 3 young (3072K), 3 survivors (3072K)
 Metaspace       used 58812K, capacity 60306K, committed 60368K, reserved 1101824K
  class space    used 7424K, capacity 7987K, committed 8012K, reserved 1048576K
}
Event: 9.337 GC heap before
{Heap before GC invocations=12 (full 0):
 garbage-first heap   total 155648K, used 113036K [0x0000000080000000, 0x0000000100000000)
  region size 1024K, 68 young (69632K), 3 survivors (3072K)
 Metaspace       used 64806K, capacity 66333K, committed 66640K, reserved 1107968K
  class space    used 8159K, capacity 8769K, committed 8908K, reserved 1048576K
}
Event: 9.346 GC heap after
{Heap after GC invocations=13 (full 0):
 garbage-first heap   total 155648K, used 51705K [0x0000000080000000, 0x0000000100000000)
  region size 1024K, 8 young (8192K), 8 survivors (8192K)
 Metaspace       used 64806K, capacity 66333K, committed 66640K, reserved 1107968K
  class space    used 8159K, capacity 8769K, committed 8908K, reserved 1048576K
}
Event: 9.970 GC heap before
{Heap before GC invocations=13 (full 0):
 garbage-first heap   total 155648K, used 116217K [0x0000000080000000, 0x0000000100000000)
  region size 1024K, 71 young (72704K), 8 survivors (8192K)
 Metaspace       used 68770K, capacity 70370K, committed 70608K, reserved 1110016K
  class space    used 8853K, capacity 9494K, committed 9548K, reserved 1048576K
}
Event: 9.979 GC heap after
{Heap after GC invocations=14 (full 0):
 garbage-first heap   total 155648K, used 55874K [0x0000000080000000, 0x0000000100000000)
  region size 1024K, 5 young (5120K), 5 survivors (5120K)
 Metaspace       used 68770K, capacity 70370K, committed 70608K, reserved 1110016K
  class space    used 8853K, capacity 9494K, committed 9548K, reserved 1048576K
}
Event: 10.964 GC heap before
{Heap before GC invocations=14 (full 0):
 garbage-first heap   total 155648K, used 119362K [0x0000000080000000, 0x0000000100000000)
  region size 1024K, 67 young (68608K), 5 survivors (5120K)
 Metaspace       used 74784K, capacity 76546K, committed 76624K, reserved 1116160K
  class space    used 9750K, capacity 10414K, committed 10444K, reserved 1048576K
}
Event: 10.973 GC heap after
{Heap after GC invocations=15 (full 0):
 garbage-first heap   total 155648K, used 59366K [0x0000000080000000, 0x0000000100000000)
  region size 1024K, 9 young (9216K), 9 survivors (9216K)
 Metaspace       used 74784K, capacity 76546K, committed 76624K, reserved 1116160K
  class space    used 9750K, capacity 10414K, committed 10444K, reserved 1048576K
}
Event: 11.899 GC heap before
{Heap before GC invocations=15 (full 0):
 garbage-first heap   total 155648K, used 121830K [0x0000000080000000, 0x0000000100000000)
  region size 1024K, 70 young (71680K), 9 survivors (9216K)
 Metaspace       used 80444K, capacity 82453K, committed 82640K, reserved 1120256K
  class space    used 10487K, capacity 11239K, committed 11340K, reserved 1048576K
}
Event: 11.913 GC heap after
{Heap after GC invocations=16 (full 0):
 garbage-first heap   total 155648K, used 64100K [0x0000000080000000, 0x0000000100000000)
  region size 1024K, 9 young (9216K), 9 survivors (9216K)
 Metaspace       used 80444K, capacity 82453K, committed 82640K, reserved 1120256K
  class space    used 10487K, capacity 11239K, committed 11340K, reserved 1048576K
}
Event: 12.351 GC heap before
{Heap before GC invocations=16 (full 0):
 garbage-first heap   total 155648K, used 122468K [0x0000000080000000, 0x0000000100000000)
  region size 1024K, 67 young (68608K), 9 survivors (9216K)
 Metaspace       used 81953K, capacity 84345K, committed 84560K, reserved 1122304K
  class space    used 10767K, capacity 11675K, committed 11724K, reserved 1048576K
}
Event: 12.365 GC heap after
{Heap after GC invocations=17 (full 0):
 garbage-first heap   total 187392K, used 68608K [0x0000000080000000, 0x0000000100000000)
  region size 1024K, 9 young (9216K), 9 survivors (9216K)
 Metaspace       used 81953K, capacity 84345K, committed 84560K, reserved 1122304K
  class space    used 10767K, capacity 11675K, committed 11724K, reserved 1048576K
}
Event: 12.964 GC heap before
{Heap before GC invocations=17 (full 0):
 garbage-first heap   total 187392K, used 141312K [0x0000000080000000, 0x0000000100000000)
  region size 1024K, 81 young (82944K), 9 survivors (9216K)
 Metaspace       used 82854K, capacity 85339K, committed 85456K, reserved 1122304K
  class space    used 10839K, capacity 11745K, committed 11852K, reserved 1048576K
}
Event: 12.981 GC heap after
{Heap after GC invocations=18 (full 0):
 garbage-first heap   total 187392K, used 74236K [0x0000000080000000, 0x0000000100000000)
  region size 1024K, 10 young (10240K), 10 survivors (10240K)
 Metaspace       used 82854K, capacity 85339K, committed 85456K, reserved 1122304K
  class space    used 10839K, capacity 11745K, committed 11852K, reserved 1048576K
}
Event: 13.655 GC heap before
{Heap before GC invocations=18 (full 0):
 garbage-first heap   total 187392K, used 144892K [0x0000000080000000, 0x0000000100000000)
  region size 1024K, 80 young (81920K), 10 survivors (10240K)
 Metaspace       used 87697K, capacity 90340K, committed 90448K, reserved 1128448K
  class space    used 11447K, capacity 12455K, committed 12492K, reserved 1048576K
}
Event: 13.676 GC heap after
{Heap after GC invocations=19 (full 0):
 garbage-first heap   total 187392K, used 81057K [0x0000000080000000, 0x0000000100000000)
  region size 1024K, 8 young (8192K), 8 survivors (8192K)
 Metaspace       used 87697K, capacity 90340K, committed 90448K, reserved 1128448K
  class space    used 11447K, capacity 12455K, committed 12492K, reserved 1048576K
}

