# JRE version: OpenJDK Runtime Environment (11.0.13) (build 11.0.13+0-b1751.21-8125866)
# Java VM: OpenJDK 64-Bit Server VM (11.0.13+0-b1751.21-8125866, mixed mode, tiered, compressed oops, g1 gc, windows-amd64)
Heap:
 garbage-first heap   total 225280K, used 96191K [0x0000000080000000, 0x0000000100000000)
  region size 1024K, 21 young (21504K), 6 survivors (6144K)
 Metaspace       used 100797K, capacity 103884K, committed 104680K, reserved 1138688K
  class space    used 13233K, capacity 14469K, committed 14692K, reserved 1048576K
GC Heap History (20 events):
Event: 6.907 GC heap before
{Heap before GC invocations=10 (full 0):
 garbage-first heap   total 155648K, used 101376K [0x0000000080000000, 0x0000000100000000)
  region size 1024K, 68 young (69632K), 11 survivors (11264K)
 Metaspace       used 58823K, capacity 60321K, committed 60368K, reserved 1101824K
  class space    used 7422K, capacity 7992K, committed 8012K, reserved 1048576K
}
Event: 6.921 GC heap after
{Heap after GC invocations=11 (full 0):
 garbage-first heap   total 155648K, used 46524K [0x0000000080000000, 0x0000000100000000)
  region size 1024K, 3 young (3072K), 3 survivors (3072K)
 Metaspace       used 58823K, capacity 60321K, committed 60368K, reserved 1101824K
  class space    used 7422K, capacity 7992K, committed 8012K, reserved 1048576K
}
Event: 7.659 GC heap before
{Heap before GC invocations=12 (full 0):
 garbage-first heap   total 155648K, used 112060K [0x0000000080000000, 0x0000000100000000)
  region size 1024K, 67 young (68608K), 3 survivors (3072K)
 Metaspace       used 64700K, capacity 66252K, committed 66588K, reserved 1107968K
  class space    used 8137K, capacity 8742K, committed 8856K, reserved 1048576K
}
Event: 7.666 GC heap after
{Heap after GC invocations=13 (full 0):
 garbage-first heap   total 155648K, used 51717K [0x0000000080000000, 0x0000000100000000)
  region size 1024K, 8 young (8192K), 8 survivors (8192K)
 Metaspace       used 64700K, capacity 66252K, committed 66588K, reserved 1107968K
  class space    used 8137K, capacity 8742K, committed 8856K, reserved 1048576K
}
Event: 8.239 GC heap before
{Heap before GC invocations=13 (full 0):
 garbage-first heap   total 155648K, used 115205K [0x0000000080000000, 0x0000000100000000)
  region size 1024K, 70 young (71680K), 8 survivors (8192K)
 Metaspace       used 68281K, capacity 69903K, committed 70172K, reserved 1110016K
  class space    used 8730K, capacity 9339K, committed 9368K, reserved 1048576K
}
Event: 8.248 GC heap after
{Heap after GC invocations=14 (full 0):
 garbage-first heap   total 155648K, used 55813K [0x0000000080000000, 0x0000000100000000)
  region size 1024K, 5 young (5120K), 5 survivors (5120K)
 Metaspace       used 68281K, capacity 69903K, committed 70172K, reserved 1110016K
  class space    used 8730K, capacity 9339K, committed 9368K, reserved 1048576K
}
Event: 9.013 GC heap before
{Heap before GC invocations=14 (full 0):
 garbage-first heap   total 155648K, used 118277K [0x0000000080000000, 0x0000000100000000)
  region size 1024K, 66 young (67584K), 5 survivors (5120K)
 Metaspace       used 73902K, capacity 75693K, committed 75932K, reserved 1116160K
  class space    used 9554K, capacity 10238K, committed 10264K, reserved 1048576K
}
Event: 9.023 GC heap after
{Heap after GC invocations=15 (full 0):
 garbage-first heap   total 187392K, used 59925K [0x0000000080000000, 0x0000000100000000)
  region size 1024K, 9 young (9216K), 9 survivors (9216K)
 Metaspace       used 73902K, capacity 75693K, committed 75932K, reserved 1116160K
  class space    used 9554K, capacity 10238K, committed 10264K, reserved 1048576K
}
Event: 9.980 GC heap before
{Heap before GC invocations=15 (full 0):
 garbage-first heap   total 187392K, used 133653K [0x0000000080000000, 0x0000000100000000)
  region size 1024K, 81 young (82944K), 9 survivors (9216K)
 Metaspace       used 81012K, capacity 83296K, committed 83356K, reserved 1122304K
  class space    used 10638K, capacity 11522K, committed 11544K, reserved 1048576K
}
Event: 9.994 GC heap after
{Heap after GC invocations=16 (full 0):
 garbage-first heap   total 187392K, used 64337K [0x0000000080000000, 0x0000000100000000)
  region size 1024K, 9 young (9216K), 9 survivors (9216K)
 Metaspace       used 81012K, capacity 83296K, committed 83356K, reserved 1122304K
  class space    used 10638K, capacity 11522K, committed 11544K, reserved 1048576K
}
Event: 10.502 GC heap before
{Heap before GC invocations=16 (full 0):
 garbage-first heap   total 187392K, used 138065K [0x0000000080000000, 0x0000000100000000)
  region size 1024K, 82 young (83968K), 9 survivors (9216K)
 Metaspace       used 82209K, capacity 84663K, committed 84892K, reserved 1122304K
  class space    used 10779K, capacity 11688K, committed 11800K, reserved 1048576K
}
Event: 10.516 GC heap after
{Heap after GC invocations=17 (full 0):
 garbage-first heap   total 187392K, used 69721K [0x0000000080000000, 0x0000000100000000)
  region size 1024K, 10 young (10240K), 10 survivors (10240K)
 Metaspace       used 82209K, capacity 84663K, committed 84892K, reserved 1122304K
  class space    used 10779K, capacity 11688K, committed 11800K, reserved 1048576K
}
Event: 11.205 GC heap before
{Heap before GC invocations=17 (full 0):
 garbage-first heap   total 187392K, used 141401K [0x0000000080000000, 0x0000000100000000)
  region size 1024K, 81 young (82944K), 10 survivors (10240K)
 Metaspace       used 85561K, capacity 88072K, committed 88348K, reserved 1126400K
  class space    used 11155K, capacity 12149K, committed 12184K, reserved 1048576K
}
Event: 11.218 GC heap after
{Heap after GC invocations=18 (full 0):
 garbage-first heap   total 187392K, used 75451K [0x0000000080000000, 0x0000000100000000)
  region size 1024K, 11 young (11264K), 11 survivors (11264K)
 Metaspace       used 85561K, capacity 88072K, committed 88348K, reserved 1126400K
  class space    used 11155K, capacity 12149K, committed 12184K, reserved 1048576K
}
Event: 12.609 GC heap before
{Heap before GC invocations=18 (full 0):
 garbage-first heap   total 187392K, used 147131K [0x0000000080000000, 0x0000000100000000)
  region size 1024K, 80 young (81920K), 11 survivors (11264K)
 Metaspace       used 92492K, capacity 95192K, committed 95388K, reserved 1132544K
  class space    used 11963K, capacity 13007K, committed 13080K, reserved 1048576K
}
Event: 12.622 GC heap after
{Heap after GC invocations=19 (full 0):
 garbage-first heap   total 187392K, used 81461K [0x0000000080000000, 0x0000000100000000)
  region size 1024K, 4 young (4096K), 4 survivors (4096K)
 Metaspace       used 92492K, capacity 95192K, committed 95388K, reserved 1132544K
  class space    used 11963K, capacity 13007K, committed 13080K, reserved 1048576K
}
Event: 13.282 GC heap before
{Heap before GC invocations=19 (full 0):
 garbage-first heap   total 187392K, used 149045K [0x0000000080000000, 0x0000000100000000)
  region size 1024K, 71 young (72704K), 4 survivors (4096K)
 Metaspace       used 96121K, capacity 99085K, committed 99228K, reserved 1134592K
  class space    used 12464K, capacity 13577K, committed 13592K, reserved 1048576K
}
Event: 13.292 GC heap after
{Heap after GC invocations=20 (full 0):
 garbage-first heap   total 225280K, used 81418K [0x0000000080000000, 0x0000000100000000)
  region size 1024K, 6 young (6144K), 6 survivors (6144K)
 Metaspace       used 96121K, capacity 99085K, committed 99228K, reserved 1134592K
  class space    used 12464K, capacity 13577K, committed 13592K, reserved 1048576K
}
Event: 13.411 GC heap before
{Heap before GC invocations=20 (full 0):
 garbage-first heap   total 225280K, used 88586K [0x0000000080000000, 0x0000000100000000)
  region size 1024K, 14 young (14336K), 6 survivors (6144K)
 Metaspace       used 97996K, capacity 101025K, committed 101148K, reserved 1136640K
  class space    used 12749K, capacity 13907K, committed 13976K, reserved 1048576K
}
Event: 13.418 GC heap after
{Heap after GC invocations=21 (full 0):
 garbage-first heap   total 225280K, used 81855K [0x0000000080000000, 0x0000000100000000)
  region size 1024K, 6 young (6144K), 6 survivors (6144K)
 Metaspace       used 97996K, capacity 101025K, committed 101148K, reserved 1136640K
  class space    used 12749K, capacity 13907K, committed 13976K, reserved 1048576K
}

